<?xml version="1.0" encoding="UTF-8"?>
<!-- Generated by org.testng.reporters.JUnitReportReporter -->
<testsuite hostname="Acer" failures="0" tests="1" name="OpenChromeTest" time="6.987" errors="0" timestamp="14 Nov 2021 21:01:27 GMT">
  <testcase classname="OpenChromeTest" name="testChrome" time="6.987"/>
</testsuite> <!-- OpenChromeTest -->
